TN:
SF:packages\client\src\components\chart\chart-params\ChartParams.tsx
FN:9,ChartParams
FN:17,onClick
FN:23,onClick
FN:29,onClick
FN:35,onClick
FNF:5
FNH:4
FNDA:8,ChartParams
FNDA:2,onClick
FNDA:0,onClick
FNDA:1,onClick
FNDA:1,onClick
DA:1,1
DA:2,1
DA:3,1
DA:4,1
DA:5,1
DA:6,1
DA:7,1
DA:8,1
DA:9,1
DA:10,8
DA:11,8
DA:12,8
DA:13,8
DA:14,8
DA:15,8
DA:16,8
DA:17,8
DA:18,8
DA:19,8
DA:20,8
DA:21,8
DA:22,8
DA:23,8
DA:24,8
DA:25,8
DA:26,8
DA:27,8
DA:28,8
DA:29,8
DA:30,8
DA:31,8
DA:32,8
DA:33,8
DA:34,8
DA:35,8
DA:36,8
DA:37,8
DA:38,8
DA:39,8
DA:40,8
DA:41,8
DA:42,1
LF:42
LH:42
BRDA:9,0,0,8
BRDA:16,1,0,5
BRDA:16,2,0,3
BRDA:22,3,0,1
BRDA:22,4,0,7
BRDA:28,5,0,1
BRDA:28,6,0,7
BRDA:34,7,0,1
BRDA:34,8,0,7
BRDA:17,9,0,2
BRDA:29,10,0,1
BRDA:35,11,0,1
BRF:12
BRH:12
end_of_record
TN:
SF:packages\client\src\components\coin-info-title\CoinInfoTitle.tsx
FN:5,CoinInfoTitle
FNF:1
FNH:1
FNDA:2,CoinInfoTitle
DA:1,1
DA:2,1
DA:3,1
DA:4,1
DA:5,1
DA:6,2
DA:7,2
DA:8,2
DA:9,2
DA:10,2
DA:11,2
DA:12,2
DA:13,2
DA:14,2
DA:15,1
LF:15
LH:15
BRDA:5,0,0,2
BRF:1
BRH:1
end_of_record
TN:
SF:packages\client\src\components\coin-table\coin-item\CoinItem.tsx
FN:7,CoinItem
FN:12,onClick
FNF:2
FNH:2
FNDA:8,CoinItem
FNDA:1,onClick
DA:1,1
DA:2,1
DA:3,1
DA:4,1
DA:5,1
DA:6,1
DA:7,1
DA:8,8
DA:9,8
DA:10,8
DA:11,8
DA:12,6
DA:13,6
DA:14,6
DA:15,6
DA:16,6
DA:17,6
DA:18,6
DA:19,6
DA:20,6
DA:21,6
DA:22,6
DA:23,6
DA:24,6
DA:25,6
DA:26,6
DA:27,6
DA:28,6
DA:29,6
DA:30,6
DA:31,6
DA:32,6
DA:33,6
DA:34,6
DA:35,6
DA:36,6
DA:37,6
DA:38,6
DA:39,5
DA:40,5
DA:41,6
DA:42,6
DA:43,6
DA:44,6
DA:45,6
DA:46,6
DA:47,6
DA:48,6
DA:49,6
DA:50,6
DA:51,8
DA:52,2
DA:53,8
DA:54,8
DA:55,8
DA:56,8
DA:57,1
LF:57
LH:57
BRDA:7,0,0,8
BRDA:11,1,0,6
BRDA:37,2,0,1
BRDA:38,3,0,5
BRDA:39,4,0,4
BRDA:40,5,0,1
BRDA:51,6,0,2
BRDA:12,7,0,1
BRF:8
BRH:8
end_of_record
TN:
SF:packages\client\src\components\coin-table\coin-item\addCoin\AddCoin.tsx
FN:6,AddCoin
FN:8,addCoin
FN:13,onClick
FNF:3
FNH:3
FNDA:10,AddCoin
FNDA:1,addCoin
FNDA:1,onClick
DA:1,1
DA:2,1
DA:3,1
DA:4,1
DA:5,1
DA:6,1
DA:7,10
DA:8,10
DA:9,1
DA:10,1
DA:11,10
DA:12,10
DA:13,10
DA:14,1
DA:15,1
DA:16,10
DA:17,10
DA:18,10
DA:19,10
DA:20,10
DA:21,10
DA:22,10
DA:23,1
LF:23
LH:23
BRDA:6,0,0,10
BRDA:8,1,0,1
BRDA:13,2,0,1
BRF:3
BRH:3
end_of_record
TN:
SF:packages\client\src\components\coin-table\search-coin\SearchCoin.tsx
FN:8,SearchCoin
FN:15,onChange
FNF:2
FNH:2
FNDA:17,SearchCoin
FNDA:14,onChange
DA:1,1
DA:2,1
DA:3,1
DA:4,1
DA:5,1
DA:6,1
DA:7,1
DA:8,1
DA:9,17
DA:10,17
DA:11,17
DA:12,17
DA:13,17
DA:14,17
DA:15,17
DA:16,17
DA:17,17
DA:18,17
DA:19,17
DA:20,1
LF:20
LH:20
BRDA:8,0,0,17
BRDA:15,1,0,14
BRF:2
BRH:2
end_of_record
TN:
SF:packages\client\src\components\coin-table\table-header\TableHeader.tsx
FN:10,TableHeader
FN:11,changeSort
FN:23,onClick
FN:31,onClick
FN:38,onClick
FN:45,onClick
FNF:6
FNH:6
FNDA:22,TableHeader
FNDA:14,changeSort
FNDA:3,onClick
FNDA:5,onClick
FNDA:3,onClick
FNDA:3,onClick
DA:1,1
DA:2,1
DA:3,1
DA:4,1
DA:5,1
DA:6,1
DA:7,1
DA:8,1
DA:9,1
DA:10,1
DA:11,22
DA:12,14
DA:13,14
DA:14,14
DA:15,14
DA:16,6
DA:17,6
DA:18,8
DA:19,14
DA:20,22
DA:21,22
DA:22,22
DA:23,22
DA:24,22
DA:25,22
DA:26,9
DA:27,9
DA:28,22
DA:29,22
DA:30,22
DA:31,22
DA:32,22
DA:33,22
DA:34,7
DA:35,7
DA:36,22
DA:37,22
DA:38,22
DA:39,22
DA:40,22
DA:41,3
DA:42,3
DA:43,22
DA:44,22
DA:45,22
DA:46,22
DA:47,22
DA:48,3
DA:49,3
DA:50,22
DA:51,22
DA:52,22
DA:53,22
DA:54,22
DA:55,22
DA:56,22
DA:57,1
LF:57
LH:57
BRDA:10,0,0,22
BRDA:25,1,0,9
BRDA:26,2,0,2
BRDA:27,3,0,7
BRDA:28,4,0,13
BRDA:33,5,0,7
BRDA:34,6,0,3
BRDA:35,7,0,4
BRDA:36,8,0,15
BRDA:40,9,0,3
BRDA:41,10,0,2
BRDA:42,11,0,1
BRDA:43,12,0,19
BRDA:47,13,0,3
BRDA:48,14,0,2
BRDA:49,15,0,1
BRDA:50,16,0,19
BRDA:11,17,0,14
BRDA:15,18,0,6
BRDA:16,19,0,5
BRDA:17,20,0,1
BRDA:18,21,0,8
BRDA:23,22,0,3
BRDA:31,23,0,5
BRDA:38,24,0,3
BRDA:45,25,0,3
BRF:26
BRH:26
end_of_record
TN:
SF:packages\client\src\components\coin-text-info\CoinTextInfo.tsx
FN:6,CoinTextInfo
FNF:1
FNH:1
FNDA:1,CoinTextInfo
DA:1,1
DA:2,1
DA:3,1
DA:4,1
DA:5,1
DA:6,1
DA:7,1
DA:8,1
DA:9,1
DA:10,1
DA:11,1
DA:12,1
DA:13,1
DA:14,1
DA:15,1
DA:16,1
DA:17,1
DA:18,1
DA:19,1
DA:20,1
DA:21,1
DA:22,1
DA:23,1
DA:24,1
DA:25,1
DA:26,1
DA:27,1
DA:28,1
DA:29,1
DA:30,1
DA:31,1
DA:32,1
DA:33,1
DA:34,1
DA:35,1
DA:36,1
DA:37,1
DA:38,1
DA:39,1
DA:40,1
DA:41,1
DA:42,1
DA:43,1
DA:44,1
DA:45,1
DA:46,1
DA:47,1
DA:48,1
DA:49,1
DA:50,1
DA:51,1
LF:51
LH:51
BRDA:6,0,0,1
BRF:1
BRH:1
end_of_record
TN:
SF:packages\client\src\components\header\header-title\HeaderTitle.tsx
FN:4,HeaderTitle
FNF:1
FNH:1
FNDA:1,HeaderTitle
DA:1,1
DA:2,1
DA:3,1
DA:4,1
DA:5,1
DA:6,1
DA:7,1
DA:8,1
DA:9,1
DA:10,1
DA:11,1
DA:12,1
LF:12
LH:12
BRDA:4,0,0,1
BRF:1
BRH:1
end_of_record
TN:
SF:packages\client\src\components\header\popular-coins\PopularCoins.tsx
FN:7,PopularCoins
FN:10,getCoins
FNF:2
FNH:2
FNDA:4,PopularCoins
FNDA:2,getCoins
DA:1,1
DA:2,1
DA:3,1
DA:4,1
DA:5,1
DA:6,1
DA:7,1
DA:8,4
DA:9,4
DA:10,2
DA:11,2
DA:12,2
DA:13,2
DA:14,2
DA:15,4
DA:16,4
DA:17,4
DA:18,4
DA:19,2
DA:20,4
DA:21,2
DA:22,4
DA:23,4
DA:24,4
DA:25,4
DA:26,1
LF:26
LH:26
BRDA:7,0,0,4
BRDA:18,1,0,2
BRDA:20,2,0,2
BRDA:9,3,0,2
BRDA:10,4,0,2
BRDA:19,5,0,6
BRF:6
BRH:6
end_of_record
TN:
SF:packages\client\src\components\header\popular-coins\populat-coin-item\PopularCoinItem.tsx
FN:6,PopularCoinItem
FN:11,onClick
FNF:2
FNH:2
FNDA:10,PopularCoinItem
FNDA:1,onClick
DA:1,1
DA:2,1
DA:3,1
DA:4,1
DA:5,1
DA:6,1
DA:7,10
DA:8,10
DA:9,10
DA:10,10
DA:11,10
DA:12,10
DA:13,10
DA:14,10
DA:15,10
DA:16,10
DA:17,10
DA:18,10
DA:19,10
DA:20,10
DA:21,10
DA:22,10
DA:23,10
DA:24,10
DA:25,10
DA:26,10
DA:27,1
LF:27
LH:27
BRDA:6,0,0,10
BRDA:11,1,0,1
BRF:2
BRH:2
end_of_record
TN:
SF:packages\client\src\components\header\profile\Profile.tsx
FN:6,Profile
FN:12,onClick
FNF:2
FNH:1
FNDA:3,Profile
FNDA:0,onClick
DA:1,1
DA:2,1
DA:3,1
DA:4,1
DA:5,1
DA:6,1
DA:7,3
DA:8,3
DA:9,3
DA:10,3
DA:11,3
DA:12,3
DA:13,3
DA:14,3
DA:15,3
DA:16,3
DA:17,3
DA:18,3
DA:19,3
DA:20,3
DA:21,3
DA:22,3
DA:23,3
DA:24,3
DA:25,3
DA:26,3
DA:27,3
DA:28,3
DA:29,3
DA:30,3
DA:31,3
DA:32,3
DA:33,3
DA:34,3
DA:35,3
DA:36,3
DA:37,3
DA:38,3
DA:39,3
DA:40,3
DA:41,3
DA:42,3
DA:43,3
DA:44,3
DA:45,3
DA:46,3
DA:47,0
DA:48,3
DA:49,3
DA:50,3
DA:51,3
DA:52,3
DA:53,1
LF:53
LH:52
BRDA:6,0,0,3
BRDA:25,1,0,0
BRDA:27,2,0,0
BRDA:38,3,0,0
BRDA:40,4,0,0
BRDA:46,5,0,0
BRF:6
BRH:1
end_of_record
TN:
SF:packages\client\src\components\loading\Loading.tsx
FN:4,Loading
FNF:1
FNH:1
FNDA:1,Loading
DA:1,1
DA:2,1
DA:3,1
DA:4,1
DA:5,1
DA:6,1
DA:7,1
DA:8,1
DA:9,1
DA:10,1
DA:11,1
DA:12,1
DA:13,1
DA:14,1
LF:14
LH:14
BRDA:4,0,0,1
BRF:1
BRH:1
end_of_record
TN:
SF:packages\client\src\components\modal\Modal.tsx
FN:6,Modal
FN:12,onClick
FNF:2
FNH:2
FNDA:2,Modal
FNDA:1,onClick
DA:1,1
DA:2,1
DA:3,1
DA:4,1
DA:5,1
DA:6,1
DA:7,2
DA:8,2
DA:9,2
DA:10,2
DA:11,2
DA:12,2
DA:13,1
DA:14,1
DA:15,2
DA:16,2
DA:17,2
DA:18,2
DA:19,2
DA:20,2
DA:21,2
DA:22,1
LF:22
LH:22
BRDA:6,0,0,2
BRDA:12,1,0,1
BRF:2
BRH:2
end_of_record
TN:
SF:packages\client\src\components\modal\profileModal\profile-coin\ProfileCoin.tsx
FN:5,ProfileCoin
FN:6,remove
FN:43,onClick
FNF:3
FNH:3
FNDA:2,ProfileCoin
FNDA:1,remove
FNDA:1,onClick
DA:1,1
DA:2,1
DA:3,1
DA:4,1
DA:5,1
DA:6,2
DA:7,1
DA:8,1
DA:9,1
DA:10,1
DA:11,1
DA:12,1
DA:13,1
DA:14,1
DA:15,1
DA:16,1
DA:17,1
DA:18,1
DA:19,1
DA:20,1
DA:21,1
DA:22,2
DA:23,2
DA:24,2
DA:25,2
DA:26,2
DA:27,2
DA:28,2
DA:29,2
DA:30,2
DA:31,2
DA:32,2
DA:33,2
DA:34,2
DA:35,2
DA:36,2
DA:37,2
DA:38,2
DA:39,2
DA:40,2
DA:41,2
DA:42,2
DA:43,2
DA:44,2
DA:45,2
DA:46,0
DA:47,2
DA:48,2
DA:49,2
DA:50,2
DA:51,1
LF:51
LH:50
BRDA:5,0,0,2
BRDA:45,1,0,0
BRDA:6,2,0,1
BRDA:11,3,0,2
BRDA:43,4,0,1
BRF:5
BRH:4
end_of_record
TN:
SF:packages\client\src\components\modal\profileModal\profile-info\ProfileInfo.tsx
FN:8,ProfileInfo
FNF:1
FNH:1
FNDA:3,ProfileInfo
DA:1,1
DA:2,1
DA:3,1
DA:4,1
DA:5,1
DA:6,1
DA:7,1
DA:8,1
DA:9,3
DA:10,3
DA:11,3
DA:12,3
DA:13,3
DA:14,3
DA:15,3
DA:16,3
DA:17,3
DA:18,3
DA:19,3
DA:20,3
DA:21,3
DA:22,3
DA:23,2
DA:24,2
DA:25,3
DA:26,3
DA:27,3
DA:28,3
DA:29,3
DA:30,3
DA:31,3
DA:32,3
DA:33,3
DA:34,3
DA:35,3
DA:36,3
DA:37,3
DA:38,2
DA:39,2
DA:40,3
DA:41,3
DA:42,3
DA:43,3
DA:44,3
DA:45,3
DA:46,3
DA:47,3
DA:48,3
DA:49,3
DA:50,3
DA:51,1
LF:51
LH:51
BRDA:8,0,0,3
BRDA:21,1,0,1
BRDA:22,2,0,2
BRDA:23,3,0,1
BRDA:24,4,0,1
BRDA:36,5,0,1
BRDA:37,6,0,2
BRDA:38,7,0,1
BRDA:39,8,0,1
BRDA:43,9,0,0
BRF:10
BRH:9
end_of_record
TN:
SF:packages\client\src\hooks\useProfile.ts
FN:5,useProfile
FN:13,getInfo
FN:26,profileHandler
FNF:3
FNH:2
FNDA:3,useProfile
FNDA:0,getInfo
FNDA:3,profileHandler
DA:1,1
DA:2,1
DA:3,1
DA:4,1
DA:5,3
DA:6,3
DA:7,3
DA:8,3
DA:9,3
DA:10,3
DA:11,3
DA:12,3
DA:13,3
DA:14,0
DA:15,0
DA:16,0
DA:17,0
DA:18,0
DA:19,0
DA:20,0
DA:21,0
DA:22,0
DA:23,3
DA:24,3
DA:25,3
DA:26,3
DA:27,3
DA:28,3
DA:29,0
DA:30,0
DA:31,3
DA:32,3
DA:33,3
DA:34,3
DA:35,3
DA:36,3
DA:37,3
DA:38,1
LF:38
LH:27
BRDA:5,0,0,3
BRDA:11,1,0,3
BRDA:25,2,0,3
BRDA:26,3,0,3
BRDA:28,4,0,0
BRDA:34,5,0,3
BRF:6
BRH:5
end_of_record
TN:
SF:packages\client\src\providers\AddContext.tsx
FN:17,setCoin
FN:20,AddProvider
FNF:2
FNH:1
FNDA:0,setCoin
FNDA:1,AddProvider
DA:1,1
DA:2,1
DA:3,1
DA:4,1
DA:5,1
DA:6,1
DA:7,1
DA:8,1
DA:9,1
DA:10,1
DA:11,1
DA:12,1
DA:13,1
DA:14,1
DA:15,1
DA:16,1
DA:17,1
DA:18,1
DA:19,1
DA:20,1
DA:21,1
DA:22,1
DA:23,1
DA:24,1
DA:25,1
DA:26,1
DA:27,1
DA:28,1
DA:29,1
DA:30,1
LF:30
LH:30
BRDA:20,0,0,1
BRF:1
BRH:1
end_of_record
TN:
SF:packages\client\src\providers\ProfileContext.tsx
FN:16,setShow
FN:19,ProfileProvider
FNF:2
FNH:1
FNDA:0,setShow
FNDA:1,ProfileProvider
DA:1,1
DA:2,1
DA:3,1
DA:4,1
DA:5,1
DA:6,1
DA:7,1
DA:8,1
DA:9,1
DA:10,1
DA:11,1
DA:12,1
DA:13,1
DA:14,1
DA:15,1
DA:16,1
DA:17,1
DA:18,1
DA:19,1
DA:20,1
DA:21,1
DA:22,1
DA:23,1
DA:24,1
DA:25,1
DA:26,1
DA:27,1
DA:28,1
DA:29,1
LF:29
LH:29
BRDA:19,0,0,1
BRF:1
BRH:1
end_of_record
TN:
SF:packages\client\src\service\CoinInfoService.tsx
FN:7,getCoin
FN:15,getHistory
FNF:2
FNH:0
FNDA:0,getCoin
FNDA:0,getHistory
DA:1,1
DA:2,1
DA:3,1
DA:4,1
DA:5,1
DA:6,1
DA:7,1
DA:8,0
DA:9,0
DA:10,0
DA:11,0
DA:12,0
DA:13,0
DA:14,1
DA:15,1
DA:16,0
DA:17,0
DA:18,0
DA:19,0
DA:20,0
DA:21,0
DA:22,0
DA:23,0
DA:24,0
DA:25,0
DA:26,0
DA:27,0
DA:28,1
DA:29,1
DA:30,1
LF:30
LH:12
BRF:0
BRH:0
end_of_record
TN:
SF:packages\client\src\service\PopularCoinService.ts
FN:5,getCoins
FNF:1
FNH:0
FNDA:0,getCoins
DA:1,1
DA:2,1
DA:3,1
DA:4,1
DA:5,1
DA:6,0
DA:7,0
DA:8,0
DA:9,0
DA:10,0
DA:11,0
DA:12,0
DA:13,1
DA:14,1
DA:15,1
LF:15
LH:8
BRF:0
BRH:0
end_of_record
TN:
SF:packages\client\src\service\appRouter.ts
FNF:0
FNH:0
DA:1,1
DA:2,1
DA:3,1
DA:4,1
DA:5,1
DA:6,1
DA:7,1
DA:8,1
DA:9,1
DA:10,1
DA:11,1
LF:11
LH:11
BRF:0
BRH:0
end_of_record
